2025-03-10 18:35:57 - INFO - Initializing Chrome browser...
2025-03-10 20:03:10 - INFO - Initializing Chrome browser...
2025-03-10 20:06:40 - INFO - Initializing Chrome browser...
2025-03-10 20:07:16 - INFO - Initializing Chrome browser...
2025-03-10 20:08:58 - INFO - Initializing Chrome browser...
2025-03-10 20:10:43 - INFO - Initializing Chrome browser...
2025-03-10 20:11:00 - INFO - Initializing Chrome browser...
2025-03-10 20:12:10 - INFO - Initializing Chrome browser...
2025-03-10 20:12:39 - INFO - Initializing Chrome browser...
2025-03-10 20:13:00 - INFO - Initializing Chrome browser...
2025-03-10 20:13:18 - INFO - Initializing Chrome browser...
2025-03-10 20:13:50 - INFO - Initializing Chrome browser...
2025-03-10 20:16:11 - INFO - Initializing Chrome browser...
2025-03-10 20:20:19 - INFO - Initializing Chrome browser...
2025-03-10 20:20:24 - INFO - Opening Changjiang Yuketang website: https://changjiang.yuketang.cn/v2/web/index
2025-03-10 20:21:28 - INFO - Initializing Chrome browser...
2025-03-10 20:21:28 - INFO - Opening Changjiang Yuketang website: https://changjiang.yuketang.cn/v2/web/index
2025-03-10 20:21:37 - INFO - No cookies.pkl file found in ./data/cookies.pkl directory or cookie has beed expried.
2025-03-10 20:21:37 - INFO - Trying let user to login...
2025-03-10 20:21:58 - INFO - Screenshot of login page saved as login_page.png
2025-03-10 20:21:58 - INFO - Uploading screenshot to get URL...
2025-03-10 20:22:31 - INFO - Please click on the following link to login: https://imgbed.yiyunt.cn/img/3224
2025-03-10 20:22:51 - INFO - Wait for scan login QR code...
2025-03-10 20:23:01 - INFO - Wait for scan login QR code...
2025-03-10 20:23:11 - INFO - Wait for scan login QR code...
2025-03-10 20:23:21 - INFO - Wait for scan login QR code...
2025-03-10 20:23:31 - INFO - Wait for scan login QR code...
2025-03-10 20:23:41 - INFO - Wait for scan login QR code...
2025-03-10 20:23:51 - INFO - Wait for scan login QR code...
2025-03-10 20:24:01 - INFO - Wait for scan login QR code...
2025-03-10 20:24:21 - INFO - Cookies saved successfully
2025-03-10 20:24:21 - INFO - Cookies saved successfully
2025-03-10 20:24:32 - INFO - Cannot find the onlesson button, exit.
2025-03-10 20:31:27 - INFO - Initializing Chrome browser...
2025-03-10 20:31:27 - INFO - Opening Changjiang Yuketang website: https://changjiang.yuketang.cn/v2/web/index
2025-03-10 20:31:35 - INFO - Cookies loaded successfully
2025-03-10 20:32:22 - INFO - Initializing Chrome browser...
2025-03-10 20:32:23 - INFO - Opening Changjiang Yuketang website: https://changjiang.yuketang.cn/v2/web/index
2025-03-10 20:32:29 - INFO - Cookies loaded successfully
2025-03-10 20:32:56 - INFO - Cannot find the onlesson button, exit.
2025-03-10 21:21:53 - INFO - Initializing Chrome browser...
2025-03-10 21:21:55 - INFO - Opening Changjiang Yuketang website: https://changjiang.yuketang.cn/v2/web/index
2025-03-10 21:22:03 - INFO - Cookies loaded successfully
2025-03-10 21:22:21 - INFO - Found the onlesson button, current lesson name: 课程1
2025-03-10 21:22:21 - INFO - Current lesson 课程1 is in the exclude list, exit.
2025-03-10 21:23:36 - INFO - Initializing Chrome browser...
2025-03-10 21:23:37 - INFO - Opening Changjiang Yuketang website: https://changjiang.yuketang.cn/v2/web/index
2025-03-10 21:23:45 - INFO - Cookies loaded successfully
2025-03-10 21:24:03 - INFO - Found the onlesson button, current lesson name: 课程1
2025-03-10 21:24:03 - INFO - Current lesson 课程1 is in the exclude list, exit.
2025-03-10 21:27:29 - INFO - Initializing Chrome browser...
2025-03-10 21:27:30 - INFO - Opening Changjiang Yuketang website: https://changjiang.yuketang.cn/v2/web/index
2025-03-10 21:27:36 - INFO - Cookies loaded successfully
2025-03-10 21:27:53 - INFO - Found the onlesson button, current lesson name: 课程1
2025-03-10 21:27:53 - INFO - Clicking on the onlesson button
2025-03-10 21:27:56 - INFO - Switched to the new window
2025-03-10 21:27:56 - INFO - Clicked on the max index page: 2
2025-03-10 21:27:58 - INFO - Current ppt type: normal
2025-03-10 21:28:10 - INFO - Clicked on the max index page: 3
2025-03-10 21:28:12 - INFO - Current ppt type: single_choice
2025-03-10 21:28:12 - INFO - Detected quiz page, screenshotting the page
2025-03-10 21:28:13 - INFO - Answering the question
2025-03-10 21:28:14 - INFO - Countdown: 倒计时 01:52
2025-03-10 21:28:16 - INFO - Countdown: 倒计时 01:50
2025-03-10 21:28:18 - INFO - Countdown: 倒计时 01:48
2025-03-10 21:28:20 - INFO - Countdown: 倒计时 01:46
2025-03-10 21:28:22 - INFO - Countdown: 倒计时 01:44
2025-03-10 21:28:24 - INFO - Countdown: 倒计时 01:42
2025-03-10 21:28:26 - INFO - Countdown: 倒计时 01:40
2025-03-10 21:28:28 - INFO - Countdown: 倒计时 01:38
2025-03-10 21:28:30 - INFO - Countdown: 倒计时 01:36
2025-03-10 21:28:32 - INFO - Countdown: 倒计时 01:34
2025-03-10 21:28:34 - INFO - Countdown: 倒计时 01:32
2025-03-10 21:28:36 - INFO - Countdown: 倒计时 01:30
2025-03-10 21:28:38 - INFO - Countdown: 倒计时 01:27
2025-03-10 21:28:40 - INFO - Countdown: 倒计时 01:25
2025-03-10 21:28:42 - INFO - Countdown: 倒计时 01:23
2025-03-10 21:28:44 - INFO - Countdown: 倒计时 01:21
2025-03-10 21:28:46 - INFO - Countdown: 倒计时 01:19
2025-03-10 21:28:48 - INFO - Countdown: 倒计时 01:17
2025-03-10 21:28:50 - INFO - Countdown: 倒计时 01:15
2025-03-10 21:28:53 - INFO - Countdown: 倒计时 01:13
2025-03-10 21:28:55 - INFO - Countdown: 倒计时 01:11
2025-03-10 21:28:57 - INFO - Countdown: 倒计时 01:09
2025-03-10 21:28:59 - INFO - Countdown: 倒计时 01:07
2025-03-10 21:29:01 - INFO - Countdown: 倒计时 01:05
2025-03-10 21:29:03 - INFO - Countdown: 倒计时 01:03
2025-03-10 21:29:05 - INFO - Countdown: 倒计时 01:01
2025-03-10 21:29:07 - INFO - Countdown: 倒计时 00:59
2025-03-10 21:29:09 - INFO - Countdown: 倒计时 00:57
2025-03-10 21:29:11 - INFO - Countdown: 倒计时 00:55
2025-03-10 21:29:13 - INFO - Countdown: 倒计时 00:53
2025-03-10 21:29:15 - INFO - Countdown: 倒计时 00:51
2025-03-10 21:29:17 - INFO - Countdown: 倒计时 00:49
2025-03-10 21:29:19 - INFO - Countdown: 倒计时 00:47
2025-03-10 21:29:21 - INFO - Countdown: 倒计时 00:45
2025-03-10 21:29:23 - INFO - Countdown: 倒计时 00:43
2025-03-10 21:29:25 - INFO - Countdown: 倒计时 00:41
2025-03-10 21:29:27 - INFO - Countdown: 倒计时 00:39
2025-03-10 21:29:29 - INFO - Countdown: 倒计时 00:37
2025-03-10 21:29:31 - INFO - Countdown: 倒计时 00:35
2025-03-10 21:29:33 - INFO - Countdown: 倒计时 00:33
2025-03-10 21:29:35 - INFO - Countdown: 倒计时 00:31
2025-03-10 21:29:37 - INFO - Countdown: 倒计时 00:29
2025-03-10 21:29:39 - INFO - Countdown: 倒计时 00:27
2025-03-10 21:29:41 - INFO - Countdown: 倒计时 00:25
2025-03-10 21:29:43 - INFO - Countdown: 倒计时 00:23
2025-03-10 21:29:45 - INFO - Countdown: 倒计时 00:21
2025-03-10 21:29:47 - INFO - Countdown: 倒计时 00:19
2025-03-10 21:29:49 - INFO - Countdown: 倒计时 00:17
2025-03-10 21:29:51 - INFO - Countdown: 倒计时 00:14
2025-03-10 21:29:53 - INFO - Countdown: 倒计时 00:12
2025-03-10 21:29:55 - INFO - Countdown: 倒计时 00:10
2025-03-10 21:29:57 - INFO - Countdown: 倒计时 00:08
2025-03-10 21:29:59 - INFO - Countdown less than 10 seconds, answering the question
2025-03-10 21:30:00 - INFO - Clicked on the answer: A
2025-03-10 21:30:00 - INFO - Clicked on the submit button
2025-03-10 21:57:28 - INFO - Initializing Chrome browser...
2025-03-10 21:58:44 - INFO - Initializing Chrome browser...
2025-03-10 21:59:38 - INFO - Initializing Chrome browser...
2025-03-10 22:00:11 - INFO - Initializing Chrome browser...
2025-03-10 22:00:31 - INFO - Initializing Chrome browser...
